<?xml version="1.0" encoding="utf-8"?><testsuites name="pytest tests"><testsuite name="pytest" errors="0" failures="0" skipped="0" tests="5" time="0.318" timestamp="2025-12-16T12:52:23.833677+01:00" hostname="Prinz"><testcase classname="test_hardware" name="test_script_runs" time="0.218" /><testcase classname="test_hardware" name="test_database_exists" time="0.001" /><testcase classname="test_hardware" name="test_table_exists" time="0.004" /><testcase classname="test_hardware" name="test_data_inserted" time="0.002" /><testcase classname="test_hardware" name="test_hardware_values" time="0.010" /></testsuite></testsuites>